<?xml version="1.0" encoding="UTF-8"?>
<!-- Generated by org.testng.reporters.JUnitReportReporter -->
<testsuite hostname="Muhammad" failures="0" tests="1" name="Automation.Appium.SampleTest" time="8.243" errors="0" timestamp="2023-06-16T23:11:13 CEST" skipped="0">
  <testcase classname="Automation.Appium.SampleTest" name="SampleTest" time="8.243"/>
  <system-out/>
</testsuite> <!-- Automation.Appium.SampleTest -->
