<?xml version="1.0" encoding="UTF-8"?>
<!-- Generated by org.testng.reporters.JUnitReportReporter -->
<testsuite hostname="Muhammad" failures="0" tests="1" name="Automation.Appium.DragAndDrop" time="9.816" errors="0" timestamp="2023-06-18T22:20:49 CEST" skipped="0">
  <testcase classname="Automation.Appium.DragAndDrop" name="DragDrop" time="9.816"/>
  <system-out/>
</testsuite> <!-- Automation.Appium.DragAndDrop -->
