<?xml version="1.0" encoding="UTF-8"?>
<!-- Generated by org.testng.reporters.JUnitReportReporter -->
<testsuite hostname="Muhammad" failures="0" tests="1" name="Automation.Appium.ScrollGesture" time="24.377" errors="0" timestamp="2023-06-18T21:41:26 CEST" skipped="0">
  <testcase classname="Automation.Appium.ScrollGesture" name="Scroll" time="24.377"/>
  <system-out/>
</testsuite> <!-- Automation.Appium.ScrollGesture -->
