<?xml version="1.0" encoding="UTF-8"?>
<!-- Generated by org.testng.reporters.JUnitReportReporter -->
<testsuite hostname="Muhammad" failures="0" tests="1" name="Automation.Appium.LongPress" time="7.307" errors="0" timestamp="2023-06-17T23:03:54 CEST" skipped="0">
  <testcase classname="Automation.Appium.LongPress" name="longPressgesture" time="7.307"/>
  <system-out/>
</testsuite> <!-- Automation.Appium.LongPress -->
