<?xml version="1.0" encoding="UTF-8"?>
<!-- Generated by org.testng.reporters.JUnitReportReporter -->
<testsuite hostname="Muhammad" failures="0" tests="1" name="Automation.Appium.AppiumBasicTest" time="11.761" errors="0" timestamp="2023-06-17T22:35:44 CEST" skipped="0">
  <testcase classname="Automation.Appium.AppiumBasicTest" name="FirstTestcase" time="11.761"/>
  <system-out/>
</testsuite> <!-- Automation.Appium.AppiumBasicTest -->
